<?xml version="1.0" encoding="UTF-8"?>
<testsuite name="guessFile.GuessingGameTest" tests="1" skipped="0" failures="0" errors="0" timestamp="2023-12-02T04:21:46" hostname="lisas-MacBook-Pro.local" time="0.204">
  <properties/>
  <testcase name="canary test" classname="guessFile.GuessingGameTest" time="0.204"/>
  <system-out><![CDATA[]]></system-out>
  <system-err><![CDATA[]]></system-err>
</testsuite>
